Started GET "/" for 127.0.0.1 at 2021-09-02 08:25:15 -0300
  [1m[35m (6.6ms)[0m  [1m[34mSELECT sqlite_version(*)[0m
Processing by Rails::WelcomeController#index as HTML
  Rendering /Users/francocaldas/.rbenv/versions/3.0.2/lib/ruby/gems/3.0.0/gems/railties-6.1.4.1/lib/rails/templates/rails/welcome/index.html.erb
  Rendered /Users/francocaldas/.rbenv/versions/3.0.2/lib/ruby/gems/3.0.0/gems/railties-6.1.4.1/lib/rails/templates/rails/welcome/index.html.erb (Duration: 28.1ms | Allocations: 603)
Completed 200 OK in 80ms (Views: 43.2ms | ActiveRecord: 0.0ms | Allocations: 4789)


Started GET "/articles" for 127.0.0.1 at 2021-09-02 08:25:20 -0300
Processing by ArticlesController#index as HTML
  Rendering layout layouts/application.html.erb
  Rendering articles/index.html.erb within layouts/application
  Rendered articles/index.html.erb within layouts/application (Duration: 3.1ms | Allocations: 147)
[Webpacker] Compiling...
[Webpacker] Compiled all packs in /Users/francocaldas/Projetos/blog-rails/blog/public/packs
[Webpacker] Hash: e2a8a876c5815bee1e21
Version: webpack 4.46.0
Time: 3239ms
Built at: 09/02/2021 8:25:27 AM
                                     Asset       Size       Chunks                         Chunk Names
    js/application-e421b4aa3f716bebdab1.js    125 KiB  application  [emitted] [immutable]  application
js/application-e421b4aa3f716bebdab1.js.map    139 KiB  application  [emitted] [dev]        application
                             manifest.json  364 bytes               [emitted]              
Entrypoint application = js/application-e421b4aa3f716bebdab1.js js/application-e421b4aa3f716bebdab1.js.map
[./app/javascript/channels sync recursive _channel\.js$] ./app/javascript/channels sync _channel\.js$ 160 bytes {application} [built]
[./app/javascript/channels/index.js] 211 bytes {application} [built]
[./app/javascript/packs/application.js] 492 bytes {application} [built]
[./node_modules/webpack/buildin/module.js] (webpack)/buildin/module.js 552 bytes {application} [built]
    + 3 hidden modules

  Rendered layout layouts/application.html.erb (Duration: 6824.8ms | Allocations: 15344)
Completed 200 OK in 6833ms (Views: 6830.0ms | ActiveRecord: 0.0ms | Allocations: 16809)


Started GET "/" for 127.0.0.1 at 2021-09-02 08:27:08 -0300
Processing by ArticlesController#index as HTML
  Rendering layout layouts/application.html.erb
  Rendering articles/index.html.erb within layouts/application
  Rendered articles/index.html.erb within layouts/application (Duration: 0.2ms | Allocations: 57)
[Webpacker] Everything's up-to-date. Nothing to do
  Rendered layout layouts/application.html.erb (Duration: 22.0ms | Allocations: 3687)
Completed 200 OK in 27ms (Views: 24.3ms | Allocations: 4493)


Started GET "/" for 127.0.0.1 at 2021-09-02 08:27:13 -0300
Processing by ArticlesController#index as HTML
  Rendering layout layouts/application.html.erb
  Rendering articles/index.html.erb within layouts/application
  Rendered articles/index.html.erb within layouts/application (Duration: 0.6ms | Allocations: 38)
[Webpacker] Everything's up-to-date. Nothing to do
  Rendered layout layouts/application.html.erb (Duration: 17.0ms | Allocations: 3443)
Completed 200 OK in 19ms (Views: 18.1ms | Allocations: 3929)


  [1m[35m (1.3ms)[0m  [1m[34mSELECT sqlite_version(*)[0m
  [1m[35m (5.8ms)[0m  [1m[35mCREATE TABLE "schema_migrations" ("version" varchar NOT NULL PRIMARY KEY)[0m
  [1m[35m (1.5ms)[0m  [1m[35mCREATE TABLE "ar_internal_metadata" ("key" varchar NOT NULL PRIMARY KEY, "value" varchar, "created_at" datetime(6) NOT NULL, "updated_at" datetime(6) NOT NULL)[0m
  [1m[35m (0.2ms)[0m  [1m[34mSELECT "schema_migrations"."version" FROM "schema_migrations" ORDER BY "schema_migrations"."version" ASC[0m
Migrating to CreateArticles (20210902112914)
  [1m[36mTRANSACTION (0.2ms)[0m  [1m[36mbegin transaction[0m
  [1m[35m (0.8ms)[0m  [1m[35mCREATE TABLE "articles" ("id" integer PRIMARY KEY AUTOINCREMENT NOT NULL, "title" varchar, "body" text, "created_at" datetime(6) NOT NULL, "updated_at" datetime(6) NOT NULL)[0m
  [1m[36mActiveRecord::SchemaMigration Create (0.3ms)[0m  [1m[32mINSERT INTO "schema_migrations" ("version") VALUES (?)[0m  [["version", "20210902112914"]]
  [1m[36mTRANSACTION (1.1ms)[0m  [1m[36mcommit transaction[0m
  [1m[36mActiveRecord::InternalMetadata Load (0.3ms)[0m  [1m[34mSELECT "ar_internal_metadata".* FROM "ar_internal_metadata" WHERE "ar_internal_metadata"."key" = ? LIMIT ?[0m  [["key", "environment"], ["LIMIT", 1]]
  [1m[36mTRANSACTION (0.1ms)[0m  [1m[36mbegin transaction[0m
  [1m[36mActiveRecord::InternalMetadata Create (1.2ms)[0m  [1m[32mINSERT INTO "ar_internal_metadata" ("key", "value", "created_at", "updated_at") VALUES (?, ?, ?, ?)[0m  [["key", "environment"], ["value", "development"], ["created_at", "2021-09-02 11:30:07.419446"], ["updated_at", "2021-09-02 11:30:07.419446"]]
  [1m[36mTRANSACTION (1.2ms)[0m  [1m[36mcommit transaction[0m
  [1m[35m (0.1ms)[0m  [1m[34mSELECT sqlite_version(*)[0m
  [1m[35m (0.1ms)[0m  [1m[34mSELECT "schema_migrations"."version" FROM "schema_migrations" ORDER BY "schema_migrations"."version" ASC[0m
Started GET "/" for 127.0.0.1 at 2021-09-02 08:37:03 -0300
  [1m[35m (1.8ms)[0m  [1m[34mSELECT sqlite_version(*)[0m
  [1m[35m (0.4ms)[0m  [1m[34mSELECT "schema_migrations"."version" FROM "schema_migrations" ORDER BY "schema_migrations"."version" ASC[0m
Processing by ArticlesController#index as HTML
  Rendering layout layouts/application.html.erb
  Rendering articles/index.html.erb within layouts/application
  [1m[36mArticle Load (0.9ms)[0m  [1m[34mSELECT "articles".* FROM "articles"[0m
  ↳ app/views/articles/index.html.erb:4
  Rendered articles/index.html.erb within layouts/application (Duration: 59.6ms | Allocations: 1292)
[Webpacker] Everything's up-to-date. Nothing to do
  Rendered layout layouts/application.html.erb (Duration: 102.6ms | Allocations: 7525)
Completed 200 OK in 134ms (Views: 110.3ms | ActiveRecord: 0.9ms | Allocations: 11816)


  [1m[35m (1.8ms)[0m  [1m[34mSELECT sqlite_version(*)[0m
  [1m[36mTRANSACTION (0.1ms)[0m  [1m[36mbegin transaction[0m
  [1m[36mArticle Create (1.2ms)[0m  [1m[32mINSERT INTO "articles" ("title", "body", "created_at", "updated_at") VALUES (?, ?, ?, ?)[0m  [["title", "Hello Rails"], ["body", "I am on Rails!"], ["created_at", "2021-09-02 11:52:00.745193"], ["updated_at", "2021-09-02 11:52:00.745193"]]
  [1m[36mTRANSACTION (1.2ms)[0m  [1m[36mcommit transaction[0m
Started GET "/" for 127.0.0.1 at 2021-09-02 08:52:36 -0300
  [1m[35m (1.2ms)[0m  [1m[34mSELECT sqlite_version(*)[0m
  [1m[35m (0.5ms)[0m  [1m[34mSELECT "schema_migrations"."version" FROM "schema_migrations" ORDER BY "schema_migrations"."version" ASC[0m
Processing by ArticlesController#index as HTML
  Rendering layout layouts/application.html.erb
  Rendering articles/index.html.erb within layouts/application
  [1m[36mArticle Load (0.3ms)[0m  [1m[34mSELECT "articles".* FROM "articles"[0m
  ↳ app/views/articles/index.html.erb:4
  Rendered articles/index.html.erb within layouts/application (Duration: 80.6ms | Allocations: 9235)
  Rendered layout layouts/application.html.erb (Duration: 81.2ms | Allocations: 9329)
Completed 500 Internal Server Error in 112ms (ActiveRecord: 1.4ms | Allocations: 13514)


  
ActionView::Template::Error (undefined local variable or method `article' for #<ActionView::Base:0x000000000077d8>
Did you mean?  articles
               @articles):
    3: <ul>
    4:   <% @articles.each do |articles| %>
    5:   <li>
    6:     <a href="/articles/<%= article.id %>">
    7:       <%= article.title %>
    8:     </a>  
    9:   </li>
  
app/views/articles/index.html.erb:6
app/views/articles/index.html.erb:4
Started GET "/" for 127.0.0.1 at 2021-09-02 08:54:06 -0300
Processing by ArticlesController#index as HTML
  Rendering layout layouts/application.html.erb
  Rendering articles/index.html.erb within layouts/application
  [1m[36mArticle Load (0.2ms)[0m  [1m[34mSELECT "articles".* FROM "articles"[0m
  ↳ app/views/articles/index.html.erb:4
  Rendered articles/index.html.erb within layouts/application (Duration: 5.7ms | Allocations: 1000)
[Webpacker] Everything's up-to-date. Nothing to do
  Rendered layout layouts/application.html.erb (Duration: 39.9ms | Allocations: 7192)
Completed 200 OK in 50ms (Views: 47.6ms | ActiveRecord: 0.2ms | Allocations: 8633)


Started GET "/articles/1" for 127.0.0.1 at 2021-09-02 08:54:09 -0300
Processing by ArticlesController#show as HTML
  Parameters: {"id"=>"1"}
  [1m[36mArticle Load (0.5ms)[0m  [1m[34mSELECT "articles".* FROM "articles" WHERE "articles"."id" = ? LIMIT ?[0m  [["id", 1], ["LIMIT", 1]]
  ↳ app/controllers/articles_controller.rb:7:in `show'
  Rendering layout layouts/application.html.erb
  Rendering articles/show.html.erb within layouts/application
  Rendered articles/show.html.erb within layouts/application (Duration: 3.7ms | Allocations: 769)
[Webpacker] Everything's up-to-date. Nothing to do
  Rendered layout layouts/application.html.erb (Duration: 22.4ms | Allocations: 4499)
Completed 200 OK in 43ms (Views: 24.7ms | ActiveRecord: 0.5ms | Allocations: 6667)


Started GET "/" for 127.0.0.1 at 2021-09-02 08:58:29 -0300
Processing by ArticlesController#index as HTML
  Rendering layout layouts/application.html.erb
  Rendering articles/index.html.erb within layouts/application
  [1m[35m (0.1ms)[0m  [1m[34mSELECT sqlite_version(*)[0m
  ↳ app/views/articles/index.html.erb:4
  [1m[36mArticle Load (0.2ms)[0m  [1m[34mSELECT "articles".* FROM "articles"[0m
  ↳ app/views/articles/index.html.erb:4
  Rendered articles/index.html.erb within layouts/application (Duration: 17.3ms | Allocations: 4518)
[Webpacker] Everything's up-to-date. Nothing to do
  Rendered layout layouts/application.html.erb (Duration: 28.4ms | Allocations: 8315)
Completed 200 OK in 38ms (Views: 33.5ms | ActiveRecord: 2.3ms | Allocations: 10325)


Started GET "/articles/1" for 127.0.0.1 at 2021-09-02 08:58:31 -0300
Processing by ArticlesController#show as HTML
  Parameters: {"id"=>"1"}
  [1m[36mArticle Load (0.3ms)[0m  [1m[34mSELECT "articles".* FROM "articles" WHERE "articles"."id" = ? LIMIT ?[0m  [["id", 1], ["LIMIT", 1]]
  ↳ app/controllers/articles_controller.rb:7:in `show'
  Rendering layout layouts/application.html.erb
  Rendering articles/show.html.erb within layouts/application
  Rendered articles/show.html.erb within layouts/application (Duration: 15.2ms | Allocations: 608)
[Webpacker] Everything's up-to-date. Nothing to do
  Rendered layout layouts/application.html.erb (Duration: 31.2ms | Allocations: 4113)
Completed 200 OK in 40ms (Views: 32.7ms | ActiveRecord: 0.3ms | Allocations: 5537)


Started GET "/articles/1" for 127.0.0.1 at 2021-09-02 08:58:34 -0300
Processing by ArticlesController#show as HTML
  Parameters: {"id"=>"1"}
  [1m[36mArticle Load (0.2ms)[0m  [1m[34mSELECT "articles".* FROM "articles" WHERE "articles"."id" = ? LIMIT ?[0m  [["id", 1], ["LIMIT", 1]]
  ↳ app/controllers/articles_controller.rb:7:in `show'
  Rendering layout layouts/application.html.erb
  Rendering articles/show.html.erb within layouts/application
  Rendered articles/show.html.erb within layouts/application (Duration: 0.3ms | Allocations: 42)
[Webpacker] Everything's up-to-date. Nothing to do
  Rendered layout layouts/application.html.erb (Duration: 21.4ms | Allocations: 3980)
Completed 200 OK in 29ms (Views: 22.8ms | ActiveRecord: 0.2ms | Allocations: 5044)


Started GET "/articles/1" for 127.0.0.1 at 2021-09-02 09:00:41 -0300
Processing by ArticlesController#show as HTML
  Parameters: {"id"=>"1"}
  [1m[36mArticle Load (0.3ms)[0m  [1m[34mSELECT "articles".* FROM "articles" WHERE "articles"."id" = ? LIMIT ?[0m  [["id", 1], ["LIMIT", 1]]
  ↳ app/controllers/articles_controller.rb:7:in `show'
  Rendering layout layouts/application.html.erb
  Rendering articles/show.html.erb within layouts/application
  Rendered articles/show.html.erb within layouts/application (Duration: 4.5ms | Allocations: 178)
[Webpacker] Everything's up-to-date. Nothing to do
  Rendered layout layouts/application.html.erb (Duration: 20.1ms | Allocations: 3991)
Completed 200 OK in 31ms (Views: 24.9ms | ActiveRecord: 0.3ms | Allocations: 5859)


Started GET "/" for 127.0.0.1 at 2021-09-02 09:00:43 -0300
Processing by ArticlesController#index as HTML
  Rendering layout layouts/application.html.erb
  Rendering articles/index.html.erb within layouts/application
  Rendered articles/index.html.erb within layouts/application (Duration: 2.2ms | Allocations: 1233)
  Rendered layout layouts/application.html.erb (Duration: 2.9ms | Allocations: 1314)
Completed 500 Internal Server Error in 6ms (ActiveRecord: 0.0ms | Allocations: 1941)


  
ActionView::SyntaxErrorInTemplate (Encountered a syntax error while rendering template: check <h1>Articles</h1>

<ul>
  <% @articles.each do |article| %>
  <li>
    <%= <%= link_to article.title, article %> %> 
  </li>
  <% end %>
</ul>

):
1:    <h1>Articles</h1>
2:    
3:    <ul>
4:      <% @articles.each do |article| %>
5:      <li>
6:        <%= <%= link_to article.title, article %> %> 
7:      </li>
8:      <% end %>
9:    </ul>
  
app/views/articles/index.html.erb:6: syntax error, unexpected '<'
app/views/articles/index.html.erb:8: syntax error, unexpected `end', expecting ')'
app/views/articles/index.html.erb:12: syntax error, unexpected `end', expecting ')'
app/views/articles/index.html.erb:6: syntax error, unexpected '<'
app/views/articles/index.html.erb:8: syntax error, unexpected `end', expecting ')'
app/views/articles/index.html.erb:12: syntax error, unexpected `end', expecting ')'
app/views/articles/index.html.erb:6: syntax error, unexpected '<'
app/views/articles/index.html.erb:8: syntax error, unexpected `end', expecting ')'
app/views/articles/index.html.erb:12: syntax error, unexpected `end', expecting ')'
app/views/articles/index.html.erb:6: syntax error, unexpected '<'
app/views/articles/index.html.erb:8: syntax error, unexpected `end', expecting ')'
app/views/articles/index.html.erb:12: syntax error, unexpected `end', expecting ')'
app/views/articles/index.html.erb:6: syntax error, unexpected '<'
app/views/articles/index.html.erb:8: syntax error, unexpected `end', expecting ')'
app/views/articles/index.html.erb:12: syntax error, unexpected `end', expecting ')'
app/views/articles/index.html.erb:6: syntax error, unexpected '<'
app/views/articles/index.html.erb:8: syntax error, unexpected `end', expecting ')'
app/views/articles/index.html.erb:12: syntax error, unexpected `end', expecting ')'
Started GET "/" for 127.0.0.1 at 2021-09-02 09:01:16 -0300
Processing by ArticlesController#index as HTML
  Rendering layout layouts/application.html.erb
  Rendering articles/index.html.erb within layouts/application
  [1m[36mArticle Load (0.3ms)[0m  [1m[34mSELECT "articles".* FROM "articles"[0m
  ↳ app/views/articles/index.html.erb:4
  Rendered articles/index.html.erb within layouts/application (Duration: 9.0ms | Allocations: 1153)
[Webpacker] Everything's up-to-date. Nothing to do
  Rendered layout layouts/application.html.erb (Duration: 21.5ms | Allocations: 4961)
Completed 200 OK in 29ms (Views: 25.7ms | ActiveRecord: 0.3ms | Allocations: 6288)


Started GET "/articles/1" for 127.0.0.1 at 2021-09-02 09:01:19 -0300
Processing by ArticlesController#show as HTML
  Parameters: {"id"=>"1"}
  [1m[36mArticle Load (0.2ms)[0m  [1m[34mSELECT "articles".* FROM "articles" WHERE "articles"."id" = ? LIMIT ?[0m  [["id", 1], ["LIMIT", 1]]
  ↳ app/controllers/articles_controller.rb:7:in `show'
  Rendering layout layouts/application.html.erb
  Rendering articles/show.html.erb within layouts/application
  Rendered articles/show.html.erb within layouts/application (Duration: 1.0ms | Allocations: 136)
[Webpacker] Everything's up-to-date. Nothing to do
  Rendered layout layouts/application.html.erb (Duration: 19.4ms | Allocations: 3658)
Completed 200 OK in 33ms (Views: 21.3ms | ActiveRecord: 0.2ms | Allocations: 5333)


Started GET "/articles/new" for 127.0.0.1 at 2021-09-02 09:11:22 -0300
Processing by ArticlesController#new as HTML
  [1m[35m (0.1ms)[0m  [1m[34mSELECT sqlite_version(*)[0m
  ↳ app/controllers/articles_controller.rb:11:in `new'
  Rendering layout layouts/application.html.erb
  Rendering articles/new.html.erb within layouts/application
  Rendered articles/new.html.erb within layouts/application (Duration: 30.6ms | Allocations: 5300)
[Webpacker] Everything's up-to-date. Nothing to do
  Rendered layout layouts/application.html.erb (Duration: 43.0ms | Allocations: 9092)
Completed 200 OK in 62ms (Views: 46.6ms | ActiveRecord: 0.4ms | Allocations: 14057)


Started POST "/articles" for 127.0.0.1 at 2021-09-02 09:14:15 -0300
Processing by ArticlesController#create as HTML
  Parameters: {"authenticity_token"=>"[FILTERED]", "article"=>{"title"=>"Artigo de Teste", "body"=>"Este é um artigo de teste para o blog"}, "commit"=>"Create Article"}
  [1m[36mTRANSACTION (0.1ms)[0m  [1m[36mbegin transaction[0m
  ↳ app/controllers/articles_controller.rb:17:in `create'
  [1m[36mArticle Create (1.2ms)[0m  [1m[32mINSERT INTO "articles" ("title", "body", "created_at", "updated_at") VALUES (?, ?, ?, ?)[0m  [["title", "..."], ["body", "..."], ["created_at", "2021-09-02 12:14:15.451644"], ["updated_at", "2021-09-02 12:14:15.451644"]]
  ↳ app/controllers/articles_controller.rb:17:in `create'
  [1m[36mTRANSACTION (1.3ms)[0m  [1m[36mcommit transaction[0m
  ↳ app/controllers/articles_controller.rb:17:in `create'
Redirected to http://127.0.0.1:3000/articles/2
Completed 302 Found in 20ms (ActiveRecord: 2.6ms | Allocations: 3186)


Started GET "/articles/2" for 127.0.0.1 at 2021-09-02 09:14:15 -0300
Processing by ArticlesController#show as HTML
  Parameters: {"id"=>"2"}
  [1m[36mArticle Load (0.4ms)[0m  [1m[34mSELECT "articles".* FROM "articles" WHERE "articles"."id" = ? LIMIT ?[0m  [["id", 2], ["LIMIT", 1]]
  ↳ app/controllers/articles_controller.rb:7:in `show'
  Rendering layout layouts/application.html.erb
  Rendering articles/show.html.erb within layouts/application
  Rendered articles/show.html.erb within layouts/application (Duration: 1.1ms | Allocations: 138)
[Webpacker] Everything's up-to-date. Nothing to do
  Rendered layout layouts/application.html.erb (Duration: 12.8ms | Allocations: 3544)
Completed 200 OK in 20ms (Views: 13.7ms | ActiveRecord: 0.4ms | Allocations: 4977)


Started GET "/" for 127.0.0.1 at 2021-09-02 09:14:27 -0300
Processing by ArticlesController#index as HTML
  Rendering layout layouts/application.html.erb
  Rendering articles/index.html.erb within layouts/application
  [1m[36mArticle Load (0.5ms)[0m  [1m[34mSELECT "articles".* FROM "articles"[0m
  ↳ app/views/articles/index.html.erb:4
  Rendered articles/index.html.erb within layouts/application (Duration: 5.9ms | Allocations: 958)
[Webpacker] Everything's up-to-date. Nothing to do
  Rendered layout layouts/application.html.erb (Duration: 19.9ms | Allocations: 4364)
Completed 200 OK in 24ms (Views: 21.4ms | ActiveRecord: 0.5ms | Allocations: 4964)


Started GET "/articles/2" for 127.0.0.1 at 2021-09-02 09:14:30 -0300
Processing by ArticlesController#show as HTML
  Parameters: {"id"=>"2"}
  [1m[36mArticle Load (0.2ms)[0m  [1m[34mSELECT "articles".* FROM "articles" WHERE "articles"."id" = ? LIMIT ?[0m  [["id", 2], ["LIMIT", 1]]
  ↳ app/controllers/articles_controller.rb:7:in `show'
  Rendering layout layouts/application.html.erb
  Rendering articles/show.html.erb within layouts/application
  Rendered articles/show.html.erb within layouts/application (Duration: 0.3ms | Allocations: 42)
[Webpacker] Everything's up-to-date. Nothing to do
  Rendered layout layouts/application.html.erb (Duration: 22.3ms | Allocations: 4053)
Completed 200 OK in 29ms (Views: 23.8ms | ActiveRecord: 0.2ms | Allocations: 5046)


Started GET "/articles/new" for 127.0.0.1 at 2021-09-02 09:16:20 -0300
Processing by ArticlesController#new as HTML
  [1m[35m (0.1ms)[0m  [1m[34mSELECT sqlite_version(*)[0m
  ↳ app/controllers/articles_controller.rb:11:in `new'
  Rendering layout layouts/application.html.erb
  Rendering articles/new.html.erb within layouts/application
  Rendered articles/new.html.erb within layouts/application (Duration: 21.8ms | Allocations: 1272)
[Webpacker] Everything's up-to-date. Nothing to do
  Rendered layout layouts/application.html.erb (Duration: 98.8ms | Allocations: 7231)
Completed 200 OK in 138ms (Views: 113.5ms | ActiveRecord: 2.3ms | Allocations: 12782)


Started POST "/articles" for 127.0.0.1 at 2021-09-02 09:16:22 -0300
Processing by ArticlesController#create as HTML
  Parameters: {"authenticity_token"=>"[FILTERED]", "article"=>{"title"=>"", "body"=>""}, "commit"=>"Create Article"}
  Rendering layout layouts/application.html.erb
  Rendering articles/new.html.erb within layouts/application
  Rendered articles/new.html.erb within layouts/application (Duration: 5.9ms | Allocations: 1671)
[Webpacker] Everything's up-to-date. Nothing to do
  Rendered layout layouts/application.html.erb (Duration: 22.3ms | Allocations: 4984)
Completed 200 OK in 26ms (Views: 23.3ms | ActiveRecord: 0.0ms | Allocations: 6220)


Started GET "/articles/new" for 127.0.0.1 at 2021-09-02 09:16:29 -0300
Processing by ArticlesController#new as HTML
  Rendering layout layouts/application.html.erb
  Rendering articles/new.html.erb within layouts/application
  Rendered articles/new.html.erb within layouts/application (Duration: 3.9ms | Allocations: 683)
[Webpacker] Everything's up-to-date. Nothing to do
  Rendered layout layouts/application.html.erb (Duration: 14.7ms | Allocations: 4082)
Completed 200 OK in 18ms (Views: 16.1ms | ActiveRecord: 0.0ms | Allocations: 4541)


Started GET "/articles/2" for 127.0.0.1 at 2021-09-02 09:16:30 -0300
Processing by ArticlesController#show as HTML
  Parameters: {"id"=>"2"}
  [1m[36mArticle Load (0.3ms)[0m  [1m[34mSELECT "articles".* FROM "articles" WHERE "articles"."id" = ? LIMIT ?[0m  [["id", 2], ["LIMIT", 1]]
  ↳ app/controllers/articles_controller.rb:7:in `show'
  Rendering layout layouts/application.html.erb
  Rendering articles/show.html.erb within layouts/application
  Rendered articles/show.html.erb within layouts/application (Duration: 4.7ms | Allocations: 140)
[Webpacker] Everything's up-to-date. Nothing to do
  Rendered layout layouts/application.html.erb (Duration: 15.9ms | Allocations: 3545)
Completed 200 OK in 24ms (Views: 17.1ms | ActiveRecord: 0.3ms | Allocations: 5020)


Started GET "/" for 127.0.0.1 at 2021-09-02 09:16:31 -0300
Processing by ArticlesController#index as HTML
  Rendering layout layouts/application.html.erb
  Rendering articles/index.html.erb within layouts/application
  [1m[36mArticle Load (0.4ms)[0m  [1m[34mSELECT "articles".* FROM "articles"[0m
  ↳ app/views/articles/index.html.erb:4
  Rendered articles/index.html.erb within layouts/application (Duration: 6.0ms | Allocations: 1290)
[Webpacker] Everything's up-to-date. Nothing to do
  Rendered layout layouts/application.html.erb (Duration: 22.2ms | Allocations: 4969)
Completed 200 OK in 27ms (Views: 24.3ms | ActiveRecord: 0.4ms | Allocations: 5556)


Started GET "/" for 127.0.0.1 at 2021-09-02 09:18:18 -0300
Processing by ArticlesController#index as HTML
  Rendering layout layouts/application.html.erb
  Rendering articles/index.html.erb within layouts/application
  [1m[35m (0.1ms)[0m  [1m[34mSELECT sqlite_version(*)[0m
  ↳ app/views/articles/index.html.erb:4
  [1m[36mArticle Load (0.4ms)[0m  [1m[34mSELECT "articles".* FROM "articles"[0m
  ↳ app/views/articles/index.html.erb:4
  Rendered articles/index.html.erb within layouts/application (Duration: 31.7ms | Allocations: 4626)
[Webpacker] Everything's up-to-date. Nothing to do
  Rendered layout layouts/application.html.erb (Duration: 50.4ms | Allocations: 8413)
Completed 200 OK in 67ms (Views: 60.6ms | ActiveRecord: 2.1ms | Allocations: 10587)


Started GET "/articles/new" for 127.0.0.1 at 2021-09-02 09:18:20 -0300
Processing by ArticlesController#new as HTML
  Rendering layout layouts/application.html.erb
  Rendering articles/new.html.erb within layouts/application
  Rendered articles/new.html.erb within layouts/application (Duration: 7.0ms | Allocations: 1090)
[Webpacker] Everything's up-to-date. Nothing to do
  Rendered layout layouts/application.html.erb (Duration: 26.0ms | Allocations: 5090)
Completed 200 OK in 29ms (Views: 27.2ms | ActiveRecord: 0.0ms | Allocations: 5741)


Started POST "/articles" for 127.0.0.1 at 2021-09-02 09:18:36 -0300
Processing by ArticlesController#create as HTML
  Parameters: {"authenticity_token"=>"[FILTERED]", "article"=>{"title"=>"Artigo de Teste", "body"=>"Artigo de teste para o blog"}, "commit"=>"Create Article"}
  [1m[36mTRANSACTION (0.3ms)[0m  [1m[36mbegin transaction[0m
  ↳ app/controllers/articles_controller.rb:17:in `create'
  [1m[36mArticle Create (0.8ms)[0m  [1m[32mINSERT INTO "articles" ("title", "body", "created_at", "updated_at") VALUES (?, ?, ?, ?)[0m  [["title", "Artigo de Teste"], ["body", "Artigo de teste para o blog"], ["created_at", "2021-09-02 12:18:36.080450"], ["updated_at", "2021-09-02 12:18:36.080450"]]
  ↳ app/controllers/articles_controller.rb:17:in `create'
  [1m[36mTRANSACTION (1.8ms)[0m  [1m[36mcommit transaction[0m
  ↳ app/controllers/articles_controller.rb:17:in `create'
Redirected to http://127.0.0.1:3000/articles/3
Completed 302 Found in 19ms (ActiveRecord: 2.9ms | Allocations: 2744)


Started GET "/articles/3" for 127.0.0.1 at 2021-09-02 09:18:36 -0300
Processing by ArticlesController#show as HTML
  Parameters: {"id"=>"3"}
  [1m[36mArticle Load (0.4ms)[0m  [1m[34mSELECT "articles".* FROM "articles" WHERE "articles"."id" = ? LIMIT ?[0m  [["id", 3], ["LIMIT", 1]]
  ↳ app/controllers/articles_controller.rb:7:in `show'
  Rendering layout layouts/application.html.erb
  Rendering articles/show.html.erb within layouts/application
  Rendered articles/show.html.erb within layouts/application (Duration: 1.1ms | Allocations: 138)
[Webpacker] Everything's up-to-date. Nothing to do
  Rendered layout layouts/application.html.erb (Duration: 10.3ms | Allocations: 3545)
Completed 200 OK in 19ms (Views: 12.3ms | ActiveRecord: 0.4ms | Allocations: 4836)


Started GET "/articles" for 127.0.0.1 at 2021-09-02 09:18:45 -0300
Processing by ArticlesController#index as HTML
  Rendering layout layouts/application.html.erb
  Rendering articles/index.html.erb within layouts/application
  [1m[36mArticle Load (1.6ms)[0m  [1m[34mSELECT "articles".* FROM "articles"[0m
  ↳ app/views/articles/index.html.erb:4
  Rendered articles/index.html.erb within layouts/application (Duration: 7.7ms | Allocations: 820)
[Webpacker] Everything's up-to-date. Nothing to do
  Rendered layout layouts/application.html.erb (Duration: 25.0ms | Allocations: 4234)
Completed 200 OK in 28ms (Views: 25.1ms | ActiveRecord: 1.6ms | Allocations: 4691)


Started GET "/articles" for 127.0.0.1 at 2021-09-02 09:24:33 -0300
Processing by ArticlesController#index as HTML
  Rendering layout layouts/application.html.erb
  Rendering articles/index.html.erb within layouts/application
  [1m[35m (0.1ms)[0m  [1m[34mSELECT sqlite_version(*)[0m
  ↳ app/views/articles/index.html.erb:4
  [1m[36mArticle Load (0.2ms)[0m  [1m[34mSELECT "articles".* FROM "articles"[0m
  ↳ app/views/articles/index.html.erb:4
  Rendered articles/index.html.erb within layouts/application (Duration: 21.8ms | Allocations: 4664)
[Webpacker] Everything's up-to-date. Nothing to do
  Rendered layout layouts/application.html.erb (Duration: 36.6ms | Allocations: 8451)
Completed 200 OK in 48ms (Views: 41.5ms | ActiveRecord: 2.7ms | Allocations: 10625)


Started GET "/articles/2" for 127.0.0.1 at 2021-09-02 09:24:36 -0300
Processing by ArticlesController#show as HTML
  Parameters: {"id"=>"2"}
  [1m[36mArticle Load (0.4ms)[0m  [1m[34mSELECT "articles".* FROM "articles" WHERE "articles"."id" = ? LIMIT ?[0m  [["id", 2], ["LIMIT", 1]]
  ↳ app/controllers/articles_controller.rb:7:in `show'
  Rendering layout layouts/application.html.erb
  Rendering articles/show.html.erb within layouts/application
  Rendered articles/show.html.erb within layouts/application (Duration: 6.6ms | Allocations: 198)
[Webpacker] Everything's up-to-date. Nothing to do
  Rendered layout layouts/application.html.erb (Duration: 19.7ms | Allocations: 4190)
Completed 200 OK in 29ms (Views: 21.0ms | ActiveRecord: 0.4ms | Allocations: 5559)


Started GET "/articles/2/edit" for 127.0.0.1 at 2021-09-02 09:24:38 -0300
Processing by ArticlesController#edit as HTML
  Parameters: {"id"=>"2"}
  [1m[36mArticle Load (0.3ms)[0m  [1m[34mSELECT "articles".* FROM "articles" WHERE "articles"."id" = ? LIMIT ?[0m  [["id", 2], ["LIMIT", 1]]
  ↳ app/controllers/articles_controller.rb:25:in `edit'
  Rendering layout layouts/application.html.erb
  Rendering articles/edit.html.erb within layouts/application
  Rendered articles/_form.html.erb (Duration: 6.3ms | Allocations: 1141)
  Rendered articles/edit.html.erb within layouts/application (Duration: 9.9ms | Allocations: 1457)
[Webpacker] Everything's up-to-date. Nothing to do
  Rendered layout layouts/application.html.erb (Duration: 21.0ms | Allocations: 4850)
Completed 200 OK in 37ms (Views: 23.0ms | ActiveRecord: 0.3ms | Allocations: 6552)


Started PATCH "/articles/2" for 127.0.0.1 at 2021-09-02 09:25:05 -0300
Processing by ArticlesController#update as HTML
  Parameters: {"authenticity_token"=>"[FILTERED]", "article"=>{"title"=>"Novo Teste", "body"=>"Este é um teste de edição de artigo do blog"}, "commit"=>"Update Article", "id"=>"2"}
  [1m[36mArticle Load (0.3ms)[0m  [1m[34mSELECT "articles".* FROM "articles" WHERE "articles"."id" = ? LIMIT ?[0m  [["id", 2], ["LIMIT", 1]]
  ↳ app/controllers/articles_controller.rb:29:in `update'
  [1m[36mTRANSACTION (0.6ms)[0m  [1m[36mbegin transaction[0m
  ↳ app/controllers/articles_controller.rb:31:in `update'
  [1m[36mArticle Update (0.6ms)[0m  [1m[33mUPDATE "articles" SET "title" = ?, "body" = ?, "updated_at" = ? WHERE "articles"."id" = ?[0m  [["title", "Novo Teste"], ["body", "Este é um teste de edição de artigo do blog"], ["updated_at", "2021-09-02 12:25:05.251954"], ["id", 2]]
  ↳ app/controllers/articles_controller.rb:31:in `update'
  [1m[36mTRANSACTION (1.2ms)[0m  [1m[36mcommit transaction[0m
  ↳ app/controllers/articles_controller.rb:31:in `update'
Redirected to http://127.0.0.1:3000/articles/2
Completed 302 Found in 24ms (ActiveRecord: 2.6ms | Allocations: 3442)


Started GET "/articles/2" for 127.0.0.1 at 2021-09-02 09:25:05 -0300
Processing by ArticlesController#show as HTML
  Parameters: {"id"=>"2"}
  [1m[36mArticle Load (0.3ms)[0m  [1m[34mSELECT "articles".* FROM "articles" WHERE "articles"."id" = ? LIMIT ?[0m  [["id", 2], ["LIMIT", 1]]
  ↳ app/controllers/articles_controller.rb:7:in `show'
  Rendering layout layouts/application.html.erb
  Rendering articles/show.html.erb within layouts/application
  Rendered articles/show.html.erb within layouts/application (Duration: 0.5ms | Allocations: 79)
[Webpacker] Everything's up-to-date. Nothing to do
  Rendered layout layouts/application.html.erb (Duration: 9.7ms | Allocations: 3483)
Completed 200 OK in 16ms (Views: 10.9ms | ActiveRecord: 0.3ms | Allocations: 4467)


Started GET "/articles/" for 127.0.0.1 at 2021-09-02 09:25:10 -0300
Processing by ArticlesController#index as HTML
  Rendering layout layouts/application.html.erb
  Rendering articles/index.html.erb within layouts/application
  [1m[36mArticle Load (0.2ms)[0m  [1m[34mSELECT "articles".* FROM "articles"[0m
  ↳ app/views/articles/index.html.erb:4
  Rendered articles/index.html.erb within layouts/application (Duration: 10.4ms | Allocations: 818)
[Webpacker] Everything's up-to-date. Nothing to do
  Rendered layout layouts/application.html.erb (Duration: 29.8ms | Allocations: 4222)
Completed 200 OK in 33ms (Views: 30.9ms | ActiveRecord: 0.2ms | Allocations: 4678)


Started GET "/articles/2" for 127.0.0.1 at 2021-09-02 09:26:45 -0300
Processing by ArticlesController#show as HTML
  Parameters: {"id"=>"2"}
  [1m[35m (0.1ms)[0m  [1m[34mSELECT sqlite_version(*)[0m
  ↳ app/controllers/articles_controller.rb:7:in `show'
  [1m[36mArticle Load (0.3ms)[0m  [1m[34mSELECT "articles".* FROM "articles" WHERE "articles"."id" = ? LIMIT ?[0m  [["id", 2], ["LIMIT", 1]]
  ↳ app/controllers/articles_controller.rb:7:in `show'
  Rendering layout layouts/application.html.erb
  Rendering articles/show.html.erb within layouts/application
  Rendered articles/show.html.erb within layouts/application (Duration: 1.4ms | Allocations: 369)
[Webpacker] Everything's up-to-date. Nothing to do
  Rendered layout layouts/application.html.erb (Duration: 16.0ms | Allocations: 4157)
Completed 200 OK in 42ms (Views: 19.7ms | ActiveRecord: 1.7ms | Allocations: 10442)


Started DELETE "/articles/2" for 127.0.0.1 at 2021-09-02 09:26:53 -0300
Processing by ArticlesController#destroy as HTML
  Parameters: {"authenticity_token"=>"[FILTERED]", "id"=>"2"}
  [1m[36mArticle Load (0.2ms)[0m  [1m[34mSELECT "articles".* FROM "articles" WHERE "articles"."id" = ? LIMIT ?[0m  [["id", 2], ["LIMIT", 1]]
  ↳ app/controllers/articles_controller.rb:39:in `destroy'
  [1m[36mTRANSACTION (0.1ms)[0m  [1m[36mbegin transaction[0m
  ↳ app/controllers/articles_controller.rb:40:in `destroy'
  [1m[36mArticle Destroy (3.1ms)[0m  [1m[31mDELETE FROM "articles" WHERE "articles"."id" = ?[0m  [["id", 2]]
  ↳ app/controllers/articles_controller.rb:40:in `destroy'
  [1m[36mTRANSACTION (1.7ms)[0m  [1m[36mcommit transaction[0m
  ↳ app/controllers/articles_controller.rb:40:in `destroy'
Redirected to http://127.0.0.1:3000/
Completed 302 Found in 19ms (ActiveRecord: 5.0ms | Allocations: 2827)


Started GET "/" for 127.0.0.1 at 2021-09-02 09:26:53 -0300
Processing by ArticlesController#index as HTML
  Rendering layout layouts/application.html.erb
  Rendering articles/index.html.erb within layouts/application
  [1m[36mArticle Load (0.3ms)[0m  [1m[34mSELECT "articles".* FROM "articles"[0m
  ↳ app/views/articles/index.html.erb:4
  Rendered articles/index.html.erb within layouts/application (Duration: 4.3ms | Allocations: 1064)
[Webpacker] Everything's up-to-date. Nothing to do
  Rendered layout layouts/application.html.erb (Duration: 16.9ms | Allocations: 4468)
Completed 200 OK in 20ms (Views: 17.6ms | ActiveRecord: 0.3ms | Allocations: 5067)


  [1m[35m (1.3ms)[0m  [1m[34mSELECT sqlite_version(*)[0m
  [1m[35m (0.2ms)[0m  [1m[34mSELECT "schema_migrations"."version" FROM "schema_migrations" ORDER BY "schema_migrations"."version" ASC[0m
Migrating to CreateComments (20210902123004)
  [1m[36mTRANSACTION (0.1ms)[0m  [1m[36mbegin transaction[0m
  [1m[35m (0.9ms)[0m  [1m[35mCREATE TABLE "comments" ("id" integer PRIMARY KEY AUTOINCREMENT NOT NULL, "commenter" varchar, "body" text, "article_id" integer NOT NULL, "created_at" datetime(6) NOT NULL, "updated_at" datetime(6) NOT NULL, CONSTRAINT "fk_rails_3bf61a60d3"
FOREIGN KEY ("article_id")
  REFERENCES "articles" ("id")
)[0m
  [1m[35m (0.2ms)[0m  [1m[35mCREATE INDEX "index_comments_on_article_id" ON "comments" ("article_id")[0m
  [1m[36mActiveRecord::SchemaMigration Create (0.3ms)[0m  [1m[32mINSERT INTO "schema_migrations" ("version") VALUES (?)[0m  [["version", "20210902123004"]]
  [1m[36mTRANSACTION (1.2ms)[0m  [1m[36mcommit transaction[0m
  [1m[36mActiveRecord::InternalMetadata Load (0.2ms)[0m  [1m[34mSELECT "ar_internal_metadata".* FROM "ar_internal_metadata" WHERE "ar_internal_metadata"."key" = ? LIMIT ?[0m  [["key", "environment"], ["LIMIT", 1]]
  [1m[35m (0.1ms)[0m  [1m[34mSELECT sqlite_version(*)[0m
  [1m[35m (0.2ms)[0m  [1m[34mSELECT "schema_migrations"."version" FROM "schema_migrations" ORDER BY "schema_migrations"."version" ASC[0m
Started GET "/" for 127.0.0.1 at 2021-09-02 09:39:37 -0300
  [1m[35m (1.2ms)[0m  [1m[34mSELECT sqlite_version(*)[0m
  [1m[35m (0.3ms)[0m  [1m[34mSELECT "schema_migrations"."version" FROM "schema_migrations" ORDER BY "schema_migrations"."version" ASC[0m
Processing by ArticlesController#index as HTML
  Rendering layout layouts/application.html.erb
  Rendering articles/index.html.erb within layouts/application
  [1m[36mArticle Load (0.4ms)[0m  [1m[34mSELECT "articles".* FROM "articles"[0m
  ↳ app/views/articles/index.html.erb:4
  Rendered articles/index.html.erb within layouts/application (Duration: 19.2ms | Allocations: 4379)
[Webpacker] Everything's up-to-date. Nothing to do
  Rendered layout layouts/application.html.erb (Duration: 137.3ms | Allocations: 22437)
Completed 200 OK in 188ms (Views: 152.5ms | ActiveRecord: 1.4ms | Allocations: 28384)


Started GET "/articles/3" for 127.0.0.1 at 2021-09-02 09:39:39 -0300
Processing by ArticlesController#show as HTML
  Parameters: {"id"=>"3"}
  [1m[36mArticle Load (0.5ms)[0m  [1m[34mSELECT "articles".* FROM "articles" WHERE "articles"."id" = ? LIMIT ?[0m  [["id", 3], ["LIMIT", 1]]
  ↳ app/controllers/articles_controller.rb:7:in `show'
  Rendering layout layouts/application.html.erb
  Rendering articles/show.html.erb within layouts/application
  [1m[36mComment Load (0.6ms)[0m  [1m[34mSELECT "comments".* FROM "comments" WHERE "comments"."article_id" = ?[0m  [["article_id", 3]]
  ↳ app/views/articles/show.html.erb:13
  Rendered articles/show.html.erb within layouts/application (Duration: 73.7ms | Allocations: 15028)
[Webpacker] Everything's up-to-date. Nothing to do
  Rendered layout layouts/application.html.erb (Duration: 84.3ms | Allocations: 18545)
Completed 200 OK in 96ms (Views: 84.8ms | ActiveRecord: 2.1ms | Allocations: 20835)


Started POST "/articles/3/comments" for 127.0.0.1 at 2021-09-02 09:39:59 -0300
Processing by CommentsController#create as HTML
  Parameters: {"authenticity_token"=>"[FILTERED]", "comment"=>{"commenter"=>"Franco", "body"=>"Este é  primeiro comentário"}, "commit"=>"Create Comment", "article_id"=>"3"}
  [1m[36mArticle Load (0.3ms)[0m  [1m[34mSELECT "articles".* FROM "articles" WHERE "articles"."id" = ? LIMIT ?[0m  [["id", 3], ["LIMIT", 1]]
  ↳ app/controllers/comments_controller.rb:3:in `create'
  [1m[36mTRANSACTION (0.1ms)[0m  [1m[36mbegin transaction[0m
  ↳ app/controllers/comments_controller.rb:4:in `create'
  [1m[36mComment Create (1.4ms)[0m  [1m[32mINSERT INTO "comments" ("commenter", "body", "article_id", "created_at", "updated_at") VALUES (?, ?, ?, ?, ?)[0m  [["commenter", "Franco"], ["body", "Este é  primeiro comentário"], ["article_id", 3], ["created_at", "2021-09-02 12:39:59.761968"], ["updated_at", "2021-09-02 12:39:59.761968"]]
  ↳ app/controllers/comments_controller.rb:4:in `create'
  [1m[36mTRANSACTION (1.2ms)[0m  [1m[36mcommit transaction[0m
  ↳ app/controllers/comments_controller.rb:4:in `create'
Redirected to http://127.0.0.1:3000/articles/3
Completed 302 Found in 23ms (ActiveRecord: 3.0ms | Allocations: 4346)


Started GET "/articles/3" for 127.0.0.1 at 2021-09-02 09:39:59 -0300
Processing by ArticlesController#show as HTML
  Parameters: {"id"=>"3"}
  [1m[36mArticle Load (0.2ms)[0m  [1m[34mSELECT "articles".* FROM "articles" WHERE "articles"."id" = ? LIMIT ?[0m  [["id", 3], ["LIMIT", 1]]
  ↳ app/controllers/articles_controller.rb:7:in `show'
  Rendering layout layouts/application.html.erb
  Rendering articles/show.html.erb within layouts/application
  [1m[36mComment Load (0.2ms)[0m  [1m[34mSELECT "comments".* FROM "comments" WHERE "comments"."article_id" = ?[0m  [["article_id", 3]]
  ↳ app/views/articles/show.html.erb:13
  Rendered articles/show.html.erb within layouts/application (Duration: 8.1ms | Allocations: 1728)
[Webpacker] Everything's up-to-date. Nothing to do
  Rendered layout layouts/application.html.erb (Duration: 18.9ms | Allocations: 5304)
Completed 200 OK in 23ms (Views: 19.5ms | ActiveRecord: 0.4ms | Allocations: 6333)


Started POST "/articles/3/comments" for 127.0.0.1 at 2021-09-02 09:40:20 -0300
Processing by CommentsController#create as HTML
  Parameters: {"authenticity_token"=>"[FILTERED]", "comment"=>{"commenter"=>"Alex", "body"=>"Este segundo comentário pra ver como funciona"}, "commit"=>"Create Comment", "article_id"=>"3"}
  [1m[36mArticle Load (0.3ms)[0m  [1m[34mSELECT "articles".* FROM "articles" WHERE "articles"."id" = ? LIMIT ?[0m  [["id", 3], ["LIMIT", 1]]
  ↳ app/controllers/comments_controller.rb:3:in `create'
  [1m[36mTRANSACTION (0.1ms)[0m  [1m[36mbegin transaction[0m
  ↳ app/controllers/comments_controller.rb:4:in `create'
  [1m[36mComment Create (3.1ms)[0m  [1m[32mINSERT INTO "comments" ("commenter", "body", "article_id", "created_at", "updated_at") VALUES (?, ?, ?, ?, ?)[0m  [["commenter", "Alex"], ["body", "Este segundo comentário pra ver como funciona"], ["article_id", 3], ["created_at", "2021-09-02 12:40:20.780151"], ["updated_at", "2021-09-02 12:40:20.780151"]]
  ↳ app/controllers/comments_controller.rb:4:in `create'
  [1m[36mTRANSACTION (1.1ms)[0m  [1m[36mcommit transaction[0m
  ↳ app/controllers/comments_controller.rb:4:in `create'
Redirected to http://127.0.0.1:3000/articles/3
Completed 302 Found in 24ms (ActiveRecord: 4.6ms | Allocations: 3292)


Started GET "/articles/3" for 127.0.0.1 at 2021-09-02 09:40:20 -0300
Processing by ArticlesController#show as HTML
  Parameters: {"id"=>"3"}
  [1m[36mArticle Load (0.2ms)[0m  [1m[34mSELECT "articles".* FROM "articles" WHERE "articles"."id" = ? LIMIT ?[0m  [["id", 3], ["LIMIT", 1]]
  ↳ app/controllers/articles_controller.rb:7:in `show'
  Rendering layout layouts/application.html.erb
  Rendering articles/show.html.erb within layouts/application
  [1m[36mComment Load (0.2ms)[0m  [1m[34mSELECT "comments".* FROM "comments" WHERE "comments"."article_id" = ?[0m  [["article_id", 3]]
  ↳ app/views/articles/show.html.erb:13
  Rendered articles/show.html.erb within layouts/application (Duration: 17.7ms | Allocations: 1632)
[Webpacker] Everything's up-to-date. Nothing to do
  Rendered layout layouts/application.html.erb (Duration: 31.0ms | Allocations: 5089)
Completed 200 OK in 36ms (Views: 31.8ms | ActiveRecord: 0.4ms | Allocations: 6074)


Started GET "/articles/3" for 127.0.0.1 at 2021-09-02 09:43:49 -0300
Processing by ArticlesController#show as HTML
  Parameters: {"id"=>"3"}
  [1m[36mArticle Load (0.2ms)[0m  [1m[34mSELECT "articles".* FROM "articles" WHERE "articles"."id" = ? LIMIT ?[0m  [["id", 3], ["LIMIT", 1]]
  ↳ app/controllers/articles_controller.rb:7:in `show'
  Rendering layout layouts/application.html.erb
  Rendering articles/show.html.erb within layouts/application
  [1m[36mComment Load (0.2ms)[0m  [1m[34mSELECT "comments".* FROM "comments" WHERE "comments"."article_id" = ?[0m  [["article_id", 3]]
  ↳ app/views/articles/show.html.erb:13
  Rendered collection of comments/_comment.html.erb [2 times] (Duration: 1.7ms | Allocations: 263)
  Rendered articles/show.html.erb within layouts/application (Duration: 32.4ms | Allocations: 6407)
[Webpacker] Everything's up-to-date. Nothing to do
  Rendered layout layouts/application.html.erb (Duration: 43.0ms | Allocations: 10145)
Completed 200 OK in 53ms (Views: 47.6ms | ActiveRecord: 0.4ms | Allocations: 12060)


Started GET "/articles/3" for 127.0.0.1 at 2021-09-02 09:43:51 -0300
Processing by ArticlesController#show as HTML
  Parameters: {"id"=>"3"}
  [1m[36mArticle Load (0.2ms)[0m  [1m[34mSELECT "articles".* FROM "articles" WHERE "articles"."id" = ? LIMIT ?[0m  [["id", 3], ["LIMIT", 1]]
  ↳ app/controllers/articles_controller.rb:7:in `show'
  Rendering layout layouts/application.html.erb
  Rendering articles/show.html.erb within layouts/application
  [1m[36mComment Load (0.2ms)[0m  [1m[34mSELECT "comments".* FROM "comments" WHERE "comments"."article_id" = ?[0m  [["article_id", 3]]
  ↳ app/views/articles/show.html.erb:13
  Rendered collection of comments/_comment.html.erb [2 times] (Duration: 0.3ms | Allocations: 86)
  Rendered articles/show.html.erb within layouts/application (Duration: 9.7ms | Allocations: 1831)
[Webpacker] Everything's up-to-date. Nothing to do
  Rendered layout layouts/application.html.erb (Duration: 52.0ms | Allocations: 5280)
Completed 200 OK in 58ms (Views: 52.8ms | ActiveRecord: 0.5ms | Allocations: 6340)


Started GET "/articles/3" for 127.0.0.1 at 2021-09-02 09:43:52 -0300
Processing by ArticlesController#show as HTML
  Parameters: {"id"=>"3"}
  [1m[36mArticle Load (0.3ms)[0m  [1m[34mSELECT "articles".* FROM "articles" WHERE "articles"."id" = ? LIMIT ?[0m  [["id", 3], ["LIMIT", 1]]
  ↳ app/controllers/articles_controller.rb:7:in `show'
  Rendering layout layouts/application.html.erb
  Rendering articles/show.html.erb within layouts/application
  [1m[36mComment Load (0.3ms)[0m  [1m[34mSELECT "comments".* FROM "comments" WHERE "comments"."article_id" = ?[0m  [["article_id", 3]]
  ↳ app/views/articles/show.html.erb:13
  Rendered collection of comments/_comment.html.erb [2 times] (Duration: 0.7ms | Allocations: 86)
  Rendered articles/show.html.erb within layouts/application (Duration: 12.5ms | Allocations: 1825)
[Webpacker] Everything's up-to-date. Nothing to do
  Rendered layout layouts/application.html.erb (Duration: 25.0ms | Allocations: 5284)
Completed 200 OK in 32ms (Views: 26.4ms | ActiveRecord: 0.6ms | Allocations: 6292)


Started GET "/articles/3" for 127.0.0.1 at 2021-09-02 09:45:35 -0300
Processing by ArticlesController#show as HTML
  Parameters: {"id"=>"3"}
  [1m[36mArticle Load (0.2ms)[0m  [1m[34mSELECT "articles".* FROM "articles" WHERE "articles"."id" = ? LIMIT ?[0m  [["id", 3], ["LIMIT", 1]]
  ↳ app/controllers/articles_controller.rb:7:in `show'
  Rendering layout layouts/application.html.erb
  Rendering articles/show.html.erb within layouts/application
  [1m[36mComment Load (0.5ms)[0m  [1m[34mSELECT "comments".* FROM "comments" WHERE "comments"."article_id" = ?[0m  [["article_id", 3]]
  ↳ app/views/articles/show.html.erb:13
  Rendered collection of comments/_comment.html.erb [2 times] (Duration: 1.0ms | Allocations: 200)
  Rendered comments/_form.html.erb (Duration: 3.4ms | Allocations: 1091)
  Rendered articles/show.html.erb within layouts/application (Duration: 14.2ms | Allocations: 3036)
[Webpacker] Everything's up-to-date. Nothing to do
  Rendered layout layouts/application.html.erb (Duration: 29.1ms | Allocations: 6861)
Completed 200 OK in 46ms (Views: 39.6ms | ActiveRecord: 0.7ms | Allocations: 8727)


Started GET "/articles/3" for 127.0.0.1 at 2021-09-02 09:45:37 -0300
Processing by ArticlesController#show as HTML
  Parameters: {"id"=>"3"}
  [1m[36mArticle Load (0.3ms)[0m  [1m[34mSELECT "articles".* FROM "articles" WHERE "articles"."id" = ? LIMIT ?[0m  [["id", 3], ["LIMIT", 1]]
  ↳ app/controllers/articles_controller.rb:7:in `show'
  Rendering layout layouts/application.html.erb
  Rendering articles/show.html.erb within layouts/application
  [1m[36mComment Load (0.3ms)[0m  [1m[34mSELECT "comments".* FROM "comments" WHERE "comments"."article_id" = ?[0m  [["article_id", 3]]
  ↳ app/views/articles/show.html.erb:13
  Rendered collection of comments/_comment.html.erb [2 times] (Duration: 0.4ms | Allocations: 86)
  Rendered comments/_form.html.erb (Duration: 4.0ms | Allocations: 767)
  Rendered articles/show.html.erb within layouts/application (Duration: 11.5ms | Allocations: 1922)
[Webpacker] Everything's up-to-date. Nothing to do
  Rendered layout layouts/application.html.erb (Duration: 32.2ms | Allocations: 5376)
Completed 200 OK in 40ms (Views: 33.2ms | ActiveRecord: 0.5ms | Allocations: 6423)


Started GET "/articles/3" for 127.0.0.1 at 2021-09-02 09:45:38 -0300
Processing by ArticlesController#show as HTML
  Parameters: {"id"=>"3"}
  [1m[36mArticle Load (0.2ms)[0m  [1m[34mSELECT "articles".* FROM "articles" WHERE "articles"."id" = ? LIMIT ?[0m  [["id", 3], ["LIMIT", 1]]
  ↳ app/controllers/articles_controller.rb:7:in `show'
  Rendering layout layouts/application.html.erb
  Rendering articles/show.html.erb within layouts/application
  [1m[36mComment Load (0.2ms)[0m  [1m[34mSELECT "comments".* FROM "comments" WHERE "comments"."article_id" = ?[0m  [["article_id", 3]]
  ↳ app/views/articles/show.html.erb:13
  Rendered collection of comments/_comment.html.erb [2 times] (Duration: 0.4ms | Allocations: 86)
  Rendered comments/_form.html.erb (Duration: 4.0ms | Allocations: 767)
  Rendered articles/show.html.erb within layouts/application (Duration: 10.4ms | Allocations: 1922)
[Webpacker] Everything's up-to-date. Nothing to do
  Rendered layout layouts/application.html.erb (Duration: 25.3ms | Allocations: 5370)
Completed 200 OK in 31ms (Views: 26.1ms | ActiveRecord: 0.5ms | Allocations: 6354)


Started GET "/articles/3" for 127.0.0.1 at 2021-09-02 09:45:39 -0300
Processing by ArticlesController#show as HTML
  Parameters: {"id"=>"3"}
  [1m[36mArticle Load (0.2ms)[0m  [1m[34mSELECT "articles".* FROM "articles" WHERE "articles"."id" = ? LIMIT ?[0m  [["id", 3], ["LIMIT", 1]]
  ↳ app/controllers/articles_controller.rb:7:in `show'
  Rendering layout layouts/application.html.erb
  Rendering articles/show.html.erb within layouts/application
  [1m[36mComment Load (0.2ms)[0m  [1m[34mSELECT "comments".* FROM "comments" WHERE "comments"."article_id" = ?[0m  [["article_id", 3]]
  ↳ app/views/articles/show.html.erb:13
  Rendered collection of comments/_comment.html.erb [2 times] (Duration: 0.3ms | Allocations: 86)
  Rendered comments/_form.html.erb (Duration: 3.1ms | Allocations: 767)
  Rendered articles/show.html.erb within layouts/application (Duration: 8.5ms | Allocations: 1922)
[Webpacker] Everything's up-to-date. Nothing to do
  Rendered layout layouts/application.html.erb (Duration: 20.9ms | Allocations: 5370)
Completed 200 OK in 26ms (Views: 21.7ms | ActiveRecord: 0.3ms | Allocations: 6354)


Started GET "/articles/3" for 127.0.0.1 at 2021-09-02 09:45:40 -0300
Processing by ArticlesController#show as HTML
  Parameters: {"id"=>"3"}
  [1m[36mArticle Load (0.2ms)[0m  [1m[34mSELECT "articles".* FROM "articles" WHERE "articles"."id" = ? LIMIT ?[0m  [["id", 3], ["LIMIT", 1]]
  ↳ app/controllers/articles_controller.rb:7:in `show'
  Rendering layout layouts/application.html.erb
  Rendering articles/show.html.erb within layouts/application
  [1m[36mComment Load (0.2ms)[0m  [1m[34mSELECT "comments".* FROM "comments" WHERE "comments"."article_id" = ?[0m  [["article_id", 3]]
  ↳ app/views/articles/show.html.erb:13
  Rendered collection of comments/_comment.html.erb [2 times] (Duration: 0.5ms | Allocations: 86)
  Rendered comments/_form.html.erb (Duration: 3.6ms | Allocations: 767)
  Rendered articles/show.html.erb within layouts/application (Duration: 10.6ms | Allocations: 1923)
[Webpacker] Everything's up-to-date. Nothing to do
  Rendered layout layouts/application.html.erb (Duration: 19.9ms | Allocations: 5371)
Completed 200 OK in 26ms (Views: 20.6ms | ActiveRecord: 0.4ms | Allocations: 6355)


Started GET "/articles/3" for 127.0.0.1 at 2021-09-02 09:45:41 -0300
Processing by ArticlesController#show as HTML
  Parameters: {"id"=>"3"}
  [1m[36mArticle Load (0.2ms)[0m  [1m[34mSELECT "articles".* FROM "articles" WHERE "articles"."id" = ? LIMIT ?[0m  [["id", 3], ["LIMIT", 1]]
  ↳ app/controllers/articles_controller.rb:7:in `show'
  Rendering layout layouts/application.html.erb
  Rendering articles/show.html.erb within layouts/application
  [1m[36mComment Load (0.3ms)[0m  [1m[34mSELECT "comments".* FROM "comments" WHERE "comments"."article_id" = ?[0m  [["article_id", 3]]
  ↳ app/views/articles/show.html.erb:13
  Rendered collection of comments/_comment.html.erb [2 times] (Duration: 0.5ms | Allocations: 86)
  Rendered comments/_form.html.erb (Duration: 3.6ms | Allocations: 767)
  Rendered articles/show.html.erb within layouts/application (Duration: 11.5ms | Allocations: 1922)
[Webpacker] Everything's up-to-date. Nothing to do
  Rendered layout layouts/application.html.erb (Duration: 28.8ms | Allocations: 5370)
Completed 200 OK in 34ms (Views: 29.6ms | ActiveRecord: 0.5ms | Allocations: 6354)


Started GET "/articles/3" for 127.0.0.1 at 2021-09-02 09:45:42 -0300
Processing by ArticlesController#show as HTML
  Parameters: {"id"=>"3"}
  [1m[36mArticle Load (0.2ms)[0m  [1m[34mSELECT "articles".* FROM "articles" WHERE "articles"."id" = ? LIMIT ?[0m  [["id", 3], ["LIMIT", 1]]
  ↳ app/controllers/articles_controller.rb:7:in `show'
  Rendering layout layouts/application.html.erb
  Rendering articles/show.html.erb within layouts/application
  [1m[36mComment Load (0.2ms)[0m  [1m[34mSELECT "comments".* FROM "comments" WHERE "comments"."article_id" = ?[0m  [["article_id", 3]]
  ↳ app/views/articles/show.html.erb:13
  Rendered collection of comments/_comment.html.erb [2 times] (Duration: 0.3ms | Allocations: 86)
  Rendered comments/_form.html.erb (Duration: 2.1ms | Allocations: 767)
  Rendered articles/show.html.erb within layouts/application (Duration: 7.5ms | Allocations: 1922)
[Webpacker] Everything's up-to-date. Nothing to do
  Rendered layout layouts/application.html.erb (Duration: 21.1ms | Allocations: 5370)
Completed 200 OK in 26ms (Views: 21.8ms | ActiveRecord: 0.3ms | Allocations: 6354)


Started GET "/" for 127.0.0.1 at 2021-09-02 09:45:43 -0300
Processing by ArticlesController#index as HTML
  Rendering layout layouts/application.html.erb
  Rendering articles/index.html.erb within layouts/application
  [1m[36mArticle Load (0.2ms)[0m  [1m[34mSELECT "articles".* FROM "articles"[0m
  ↳ app/views/articles/index.html.erb:4
  Rendered articles/index.html.erb within layouts/application (Duration: 4.7ms | Allocations: 1002)
[Webpacker] Everything's up-to-date. Nothing to do
  Rendered layout layouts/application.html.erb (Duration: 19.9ms | Allocations: 4992)
Completed 200 OK in 25ms (Views: 21.7ms | ActiveRecord: 0.2ms | Allocations: 5608)


Started GET "/articles/3" for 127.0.0.1 at 2021-09-02 09:45:45 -0300
Processing by ArticlesController#show as HTML
  Parameters: {"id"=>"3"}
  [1m[36mArticle Load (0.2ms)[0m  [1m[34mSELECT "articles".* FROM "articles" WHERE "articles"."id" = ? LIMIT ?[0m  [["id", 3], ["LIMIT", 1]]
  ↳ app/controllers/articles_controller.rb:7:in `show'
  Rendering layout layouts/application.html.erb
  Rendering articles/show.html.erb within layouts/application
  [1m[36mComment Load (0.3ms)[0m  [1m[34mSELECT "comments".* FROM "comments" WHERE "comments"."article_id" = ?[0m  [["article_id", 3]]
  ↳ app/views/articles/show.html.erb:13
  Rendered collection of comments/_comment.html.erb [2 times] (Duration: 0.5ms | Allocations: 86)
  Rendered comments/_form.html.erb (Duration: 4.8ms | Allocations: 767)
  Rendered articles/show.html.erb within layouts/application (Duration: 12.4ms | Allocations: 1922)
[Webpacker] Everything's up-to-date. Nothing to do
  Rendered layout layouts/application.html.erb (Duration: 31.2ms | Allocations: 5967)
Completed 200 OK in 39ms (Views: 32.3ms | ActiveRecord: 0.5ms | Allocations: 6954)


Started GET "/articles/3" for 127.0.0.1 at 2021-09-02 09:46:12 -0300
  [1m[35m (1.3ms)[0m  [1m[34mSELECT sqlite_version(*)[0m
  [1m[35m (0.3ms)[0m  [1m[34mSELECT "schema_migrations"."version" FROM "schema_migrations" ORDER BY "schema_migrations"."version" ASC[0m
Processing by ArticlesController#show as HTML
  Parameters: {"id"=>"3"}
  [1m[36mArticle Load (0.3ms)[0m  [1m[34mSELECT "articles".* FROM "articles" WHERE "articles"."id" = ? LIMIT ?[0m  [["id", 3], ["LIMIT", 1]]
  ↳ app/controllers/articles_controller.rb:7:in `show'
  Rendering layout layouts/application.html.erb
  Rendering articles/show.html.erb within layouts/application
  [1m[36mComment Load (0.4ms)[0m  [1m[34mSELECT "comments".* FROM "comments" WHERE "comments"."article_id" = ?[0m  [["article_id", 3]]
  ↳ app/views/articles/show.html.erb:13
  Rendered collection of comments/_comment.html.erb [2 times] (Duration: 1.2ms | Allocations: 301)
  Rendered comments/_form.html.erb (Duration: 16.7ms | Allocations: 3678)
  Rendered articles/show.html.erb within layouts/application (Duration: 63.5ms | Allocations: 14031)
[Webpacker] Everything's up-to-date. Nothing to do
  Rendered layout layouts/application.html.erb (Duration: 89.5ms | Allocations: 20453)
Completed 200 OK in 157ms (Views: 95.7ms | ActiveRecord: 2.6ms | Allocations: 30359)


Started GET "/articles/3" for 127.0.0.1 at 2021-09-02 09:46:15 -0300
Processing by ArticlesController#show as HTML
  Parameters: {"id"=>"3"}
  [1m[36mArticle Load (0.2ms)[0m  [1m[34mSELECT "articles".* FROM "articles" WHERE "articles"."id" = ? LIMIT ?[0m  [["id", 3], ["LIMIT", 1]]
  ↳ app/controllers/articles_controller.rb:7:in `show'
  Rendering layout layouts/application.html.erb
  Rendering articles/show.html.erb within layouts/application
  [1m[36mComment Load (0.2ms)[0m  [1m[34mSELECT "comments".* FROM "comments" WHERE "comments"."article_id" = ?[0m  [["article_id", 3]]
  ↳ app/views/articles/show.html.erb:13
  Rendered collection of comments/_comment.html.erb [2 times] (Duration: 0.3ms | Allocations: 90)
  Rendered comments/_form.html.erb (Duration: 4.6ms | Allocations: 861)
  Rendered articles/show.html.erb within layouts/application (Duration: 9.4ms | Allocations: 2113)
[Webpacker] Everything's up-to-date. Nothing to do
  Rendered layout layouts/application.html.erb (Duration: 21.2ms | Allocations: 5683)
Completed 200 OK in 28ms (Views: 21.8ms | ActiveRecord: 0.4ms | Allocations: 6884)


Started GET "/" for 127.0.0.1 at 2021-09-02 09:46:17 -0300
Processing by ArticlesController#index as HTML
  Rendering layout layouts/application.html.erb
  Rendering articles/index.html.erb within layouts/application
  [1m[36mArticle Load (0.6ms)[0m  [1m[34mSELECT "articles".* FROM "articles"[0m
  ↳ app/views/articles/index.html.erb:4
  Rendered articles/index.html.erb within layouts/application (Duration: 9.2ms | Allocations: 1124)
[Webpacker] Everything's up-to-date. Nothing to do
  Rendered layout layouts/application.html.erb (Duration: 23.3ms | Allocations: 4598)
Completed 200 OK in 26ms (Views: 23.6ms | ActiveRecord: 0.6ms | Allocations: 5242)


Started GET "/articles/new" for 127.0.0.1 at 2021-09-02 09:46:19 -0300
Processing by ArticlesController#new as HTML
  Rendering layout layouts/application.html.erb
  Rendering articles/new.html.erb within layouts/application
  Rendered articles/_form.html.erb (Duration: 6.6ms | Allocations: 1092)
  Rendered articles/new.html.erb within layouts/application (Duration: 12.3ms | Allocations: 1925)
[Webpacker] Everything's up-to-date. Nothing to do
  Rendered layout layouts/application.html.erb (Duration: 28.9ms | Allocations: 5373)
Completed 200 OK in 33ms (Views: 30.7ms | ActiveRecord: 0.0ms | Allocations: 6003)


Started GET "/articles/1" for 127.0.0.1 at 2021-09-02 09:46:22 -0300
Processing by ArticlesController#show as HTML
  Parameters: {"id"=>"1"}
  [1m[36mArticle Load (0.4ms)[0m  [1m[34mSELECT "articles".* FROM "articles" WHERE "articles"."id" = ? LIMIT ?[0m  [["id", 1], ["LIMIT", 1]]
  ↳ app/controllers/articles_controller.rb:7:in `show'
  Rendering layout layouts/application.html.erb
  Rendering articles/show.html.erb within layouts/application
  [1m[36mComment Load (0.2ms)[0m  [1m[34mSELECT "comments".* FROM "comments" WHERE "comments"."article_id" = ?[0m  [["article_id", 1]]
  ↳ app/views/articles/show.html.erb:13
  Rendered collection of templates [0 times] (Duration: 0.1ms | Allocations: 21)
  Rendered comments/_form.html.erb (Duration: 2.7ms | Allocations: 767)
  Rendered articles/show.html.erb within layouts/application (Duration: 11.6ms | Allocations: 2246)
[Webpacker] Everything's up-to-date. Nothing to do
  Rendered layout layouts/application.html.erb (Duration: 40.1ms | Allocations: 5835)
Completed 200 OK in 48ms (Views: 41.2ms | ActiveRecord: 0.6ms | Allocations: 6840)


Started GET "/articles/3" for 127.0.0.1 at 2021-09-02 09:46:25 -0300
Processing by ArticlesController#show as HTML
  Parameters: {"id"=>"3"}
  [1m[36mArticle Load (0.2ms)[0m  [1m[34mSELECT "articles".* FROM "articles" WHERE "articles"."id" = ? LIMIT ?[0m  [["id", 3], ["LIMIT", 1]]
  ↳ app/controllers/articles_controller.rb:7:in `show'
  Rendering layout layouts/application.html.erb
  Rendering articles/show.html.erb within layouts/application
  [1m[36mComment Load (0.2ms)[0m  [1m[34mSELECT "comments".* FROM "comments" WHERE "comments"."article_id" = ?[0m  [["article_id", 3]]
  ↳ app/views/articles/show.html.erb:13
  Rendered collection of comments/_comment.html.erb [2 times] (Duration: 0.4ms | Allocations: 86)
  Rendered comments/_form.html.erb (Duration: 5.4ms | Allocations: 767)
  Rendered articles/show.html.erb within layouts/application (Duration: 14.6ms | Allocations: 1923)
[Webpacker] Everything's up-to-date. Nothing to do
  Rendered layout layouts/application.html.erb (Duration: 43.8ms | Allocations: 5990)
Completed 200 OK in 60ms (Views: 55.2ms | ActiveRecord: 0.5ms | Allocations: 6980)


Started GET "/articles/3" for 127.0.0.1 at 2021-09-02 10:23:00 -0300
Processing by ArticlesController#show as HTML
  Parameters: {"id"=>"3"}
  [1m[35m (1.4ms)[0m  [1m[34mSELECT sqlite_version(*)[0m
  ↳ app/controllers/articles_controller.rb:7:in `show'
  [1m[36mArticle Load (1.7ms)[0m  [1m[34mSELECT "articles".* FROM "articles" WHERE "articles"."id" = ? LIMIT ?[0m  [["id", 3], ["LIMIT", 1]]
  ↳ app/controllers/articles_controller.rb:7:in `show'
  Rendering layout layouts/application.html.erb
  Rendering articles/show.html.erb within layouts/application
  [1m[36mComment Load (36.8ms)[0m  [1m[34mSELECT "comments".* FROM "comments" WHERE "comments"."article_id" = ?[0m  [["article_id", 3]]
  ↳ app/views/articles/show.html.erb:13
  Rendered collection of comments/_comment.html.erb [2 times] (Duration: 8.3ms | Allocations: 86)
  Rendered comments/_form.html.erb (Duration: 70.6ms | Allocations: 767)
  Rendered articles/show.html.erb within layouts/application (Duration: 245.5ms | Allocations: 1939)
[Webpacker] Everything's up-to-date. Nothing to do
  Rendered layout layouts/application.html.erb (Duration: 432.0ms | Allocations: 5396)
Completed 200 OK in 702ms (Views: 426.6ms | ActiveRecord: 53.7ms | Allocations: 7027)


  [1m[35m (1.2ms)[0m  [1m[34mSELECT sqlite_version(*)[0m
  [1m[35m (0.5ms)[0m  [1m[34mSELECT "schema_migrations"."version" FROM "schema_migrations" ORDER BY "schema_migrations"."version" ASC[0m
Migrating to AddStatusToArticles (20210902133509)
  [1m[36mTRANSACTION (0.1ms)[0m  [1m[36mbegin transaction[0m
  [1m[35m (2.7ms)[0m  [1m[35mALTER TABLE "articles" ADD "status" varchar[0m
  [1m[36mActiveRecord::SchemaMigration Create (0.7ms)[0m  [1m[32mINSERT INTO "schema_migrations" ("version") VALUES (?)[0m  [["version", "20210902133509"]]
  [1m[36mTRANSACTION (1.0ms)[0m  [1m[36mcommit transaction[0m
Migrating to AddStatusToComments (20210902133535)
  [1m[36mTRANSACTION (0.1ms)[0m  [1m[36mbegin transaction[0m
  [1m[35m (0.7ms)[0m  [1m[35mALTER TABLE "comments" ADD "status" varchar[0m
  [1m[36mActiveRecord::SchemaMigration Create (0.3ms)[0m  [1m[32mINSERT INTO "schema_migrations" ("version") VALUES (?)[0m  [["version", "20210902133535"]]
  [1m[36mTRANSACTION (1.1ms)[0m  [1m[36mcommit transaction[0m
  [1m[36mActiveRecord::InternalMetadata Load (0.8ms)[0m  [1m[34mSELECT "ar_internal_metadata".* FROM "ar_internal_metadata" WHERE "ar_internal_metadata"."key" = ? LIMIT ?[0m  [["key", "environment"], ["LIMIT", 1]]
  [1m[35m (0.1ms)[0m  [1m[34mSELECT sqlite_version(*)[0m
  [1m[35m (0.1ms)[0m  [1m[34mSELECT "schema_migrations"."version" FROM "schema_migrations" ORDER BY "schema_migrations"."version" ASC[0m
Started GET "/articles/3" for 127.0.0.1 at 2021-09-02 11:24:11 -0300
  [1m[35m (1.4ms)[0m  [1m[34mSELECT sqlite_version(*)[0m
  [1m[35m (0.4ms)[0m  [1m[34mSELECT "schema_migrations"."version" FROM "schema_migrations" ORDER BY "schema_migrations"."version" ASC[0m
Processing by ArticlesController#show as HTML
  Parameters: {"id"=>"3"}
  [1m[36mArticle Load (0.6ms)[0m  [1m[34mSELECT "articles".* FROM "articles" WHERE "articles"."id" = ? LIMIT ?[0m  [["id", 3], ["LIMIT", 1]]
  ↳ app/controllers/articles_controller.rb:9:in `show'
  Rendering layout layouts/application.html.erb
  Rendering articles/show.html.erb within layouts/application
  [1m[36mComment Load (0.8ms)[0m  [1m[34mSELECT "comments".* FROM "comments" WHERE "comments"."article_id" = ?[0m  [["article_id", 3]]
  ↳ app/views/articles/show.html.erb:13
  Rendered collection of comments/_comment.html.erb [2 times] (Duration: 4.2ms | Allocations: 1029)
  Rendered comments/_form.html.erb (Duration: 21.9ms | Allocations: 3861)
  Rendered articles/show.html.erb within layouts/application (Duration: 77.7ms | Allocations: 15497)
[Webpacker] Everything's up-to-date. Nothing to do
  Rendered layout layouts/application.html.erb (Duration: 117.3ms | Allocations: 21916)
Completed 200 OK in 197ms (Views: 125.8ms | ActiveRecord: 5.0ms | Allocations: 32597)


Started DELETE "/articles/3/comments/2" for 127.0.0.1 at 2021-09-02 11:24:22 -0300
Processing by CommentsController#destroy as HTML
  Parameters: {"authenticity_token"=>"[FILTERED]", "article_id"=>"3", "id"=>"2"}
Filter chain halted as #<Proc:0x00007fca1206f548 /Users/francocaldas/.rbenv/versions/3.0.2/lib/ruby/gems/3.0.0/gems/actionpack-6.1.4.1/lib/action_controller/metal/http_authentication.rb:73> rendered or redirected
Completed 401 Unauthorized in 3ms (ActiveRecord: 0.0ms | Allocations: 486)


Started DELETE "/articles/3/comments/2" for 127.0.0.1 at 2021-09-02 11:24:25 -0300
Processing by CommentsController#destroy as HTML
  Parameters: {"authenticity_token"=>"[FILTERED]", "article_id"=>"3", "id"=>"2"}
Filter chain halted as #<Proc:0x00007fca1206f548 /Users/francocaldas/.rbenv/versions/3.0.2/lib/ruby/gems/3.0.0/gems/actionpack-6.1.4.1/lib/action_controller/metal/http_authentication.rb:73> rendered or redirected
Completed 401 Unauthorized in 1ms (ActiveRecord: 0.0ms | Allocations: 284)


Started DELETE "/articles/3/comments/2" for 127.0.0.1 at 2021-09-02 11:24:33 -0300
Processing by CommentsController#destroy as HTML
  Parameters: {"authenticity_token"=>"[FILTERED]", "article_id"=>"3", "id"=>"2"}
Filter chain halted as #<Proc:0x00007fca1206f548 /Users/francocaldas/.rbenv/versions/3.0.2/lib/ruby/gems/3.0.0/gems/actionpack-6.1.4.1/lib/action_controller/metal/http_authentication.rb:73> rendered or redirected
Completed 401 Unauthorized in 1ms (ActiveRecord: 0.0ms | Allocations: 266)


Started DELETE "/articles/3/comments/2" for 127.0.0.1 at 2021-09-02 11:24:35 -0300
Processing by CommentsController#destroy as HTML
  Parameters: {"authenticity_token"=>"[FILTERED]", "article_id"=>"3", "id"=>"2"}
Filter chain halted as #<Proc:0x00007fca1206f548 /Users/francocaldas/.rbenv/versions/3.0.2/lib/ruby/gems/3.0.0/gems/actionpack-6.1.4.1/lib/action_controller/metal/http_authentication.rb:73> rendered or redirected
Completed 401 Unauthorized in 2ms (ActiveRecord: 0.0ms | Allocations: 257)


Started GET "/articles/3" for 127.0.0.1 at 2021-09-02 11:24:37 -0300
Processing by ArticlesController#show as HTML
  Parameters: {"id"=>"3"}
  [1m[36mArticle Load (0.2ms)[0m  [1m[34mSELECT "articles".* FROM "articles" WHERE "articles"."id" = ? LIMIT ?[0m  [["id", 3], ["LIMIT", 1]]
  ↳ app/controllers/articles_controller.rb:9:in `show'
  Rendering layout layouts/application.html.erb
  Rendering articles/show.html.erb within layouts/application
  [1m[36mComment Load (0.2ms)[0m  [1m[34mSELECT "comments".* FROM "comments" WHERE "comments"."article_id" = ?[0m  [["article_id", 3]]
  ↳ app/views/articles/show.html.erb:13
  Rendered collection of comments/_comment.html.erb [2 times] (Duration: 0.7ms | Allocations: 260)
  Rendered comments/_form.html.erb (Duration: 3.3ms | Allocations: 1081)
  Rendered articles/show.html.erb within layouts/application (Duration: 10.3ms | Allocations: 2496)
[Webpacker] Everything's up-to-date. Nothing to do
  Rendered layout layouts/application.html.erb (Duration: 23.0ms | Allocations: 6061)
Completed 200 OK in 28ms (Views: 23.8ms | ActiveRecord: 0.4ms | Allocations: 7198)


Started GET "/" for 127.0.0.1 at 2021-09-02 11:24:38 -0300
Processing by ArticlesController#index as HTML
  Rendering layout layouts/application.html.erb
  Rendering articles/index.html.erb within layouts/application
  [1m[36mArticle Load (0.3ms)[0m  [1m[34mSELECT "articles".* FROM "articles"[0m
  ↳ app/views/articles/index.html.erb:4
  Rendered articles/index.html.erb within layouts/application (Duration: 5.6ms | Allocations: 1059)
[Webpacker] Everything's up-to-date. Nothing to do
  Rendered layout layouts/application.html.erb (Duration: 20.3ms | Allocations: 4519)
Completed 200 OK in 23ms (Views: 21.1ms | ActiveRecord: 0.3ms | Allocations: 5138)


Started GET "/articles/1" for 127.0.0.1 at 2021-09-02 11:24:40 -0300
Processing by ArticlesController#show as HTML
  Parameters: {"id"=>"1"}
  [1m[36mArticle Load (0.2ms)[0m  [1m[34mSELECT "articles".* FROM "articles" WHERE "articles"."id" = ? LIMIT ?[0m  [["id", 1], ["LIMIT", 1]]
  ↳ app/controllers/articles_controller.rb:9:in `show'
  Rendering layout layouts/application.html.erb
  Rendering articles/show.html.erb within layouts/application
  [1m[36mComment Load (0.2ms)[0m  [1m[34mSELECT "comments".* FROM "comments" WHERE "comments"."article_id" = ?[0m  [["article_id", 1]]
  ↳ app/views/articles/show.html.erb:13
  Rendered collection of templates [0 times] (Duration: 0.1ms | Allocations: 21)
  Rendered comments/_form.html.erb (Duration: 3.5ms | Allocations: 1000)
  Rendered articles/show.html.erb within layouts/application (Duration: 11.5ms | Allocations: 2105)
[Webpacker] Everything's up-to-date. Nothing to do
  Rendered layout layouts/application.html.erb (Duration: 28.1ms | Allocations: 5565)
Completed 200 OK in 65ms (Views: 59.7ms | ActiveRecord: 0.4ms | Allocations: 7080)


Started GET "/articles/new" for 127.0.0.1 at 2021-09-02 11:24:44 -0300
Processing by ArticlesController#new as HTML
Filter chain halted as #<Proc:0x00007fca10f15ec8 /Users/francocaldas/.rbenv/versions/3.0.2/lib/ruby/gems/3.0.0/gems/actionpack-6.1.4.1/lib/action_controller/metal/http_authentication.rb:73> rendered or redirected
Completed 401 Unauthorized in 1ms (ActiveRecord: 0.0ms | Allocations: 218)


Started GET "/" for 127.0.0.1 at 2021-09-02 11:28:45 -0300
Processing by ArticlesController#index as HTML
  Rendering layout layouts/application.html.erb
  Rendering articles/index.html.erb within layouts/application
  [1m[35m (0.1ms)[0m  [1m[34mSELECT sqlite_version(*)[0m
  ↳ app/views/articles/index.html.erb:4
  [1m[36mArticle Load (0.3ms)[0m  [1m[34mSELECT "articles".* FROM "articles"[0m
  ↳ app/views/articles/index.html.erb:4
  Rendered articles/index.html.erb within layouts/application (Duration: 19.2ms | Allocations: 4889)
[Webpacker] Everything's up-to-date. Nothing to do
  Rendered layout layouts/application.html.erb (Duration: 42.3ms | Allocations: 8563)
Completed 200 OK in 53ms (Views: 44.7ms | ActiveRecord: 1.8ms | Allocations: 10796)


Started GET "/articles/1" for 127.0.0.1 at 2021-09-02 11:28:47 -0300
Processing by ArticlesController#show as HTML
  Parameters: {"id"=>"1"}
  [1m[36mArticle Load (0.3ms)[0m  [1m[34mSELECT "articles".* FROM "articles" WHERE "articles"."id" = ? LIMIT ?[0m  [["id", 1], ["LIMIT", 1]]
  ↳ app/controllers/articles_controller.rb:9:in `show'
  Rendering layout layouts/application.html.erb
  Rendering articles/show.html.erb within layouts/application
  [1m[36mComment Load (0.3ms)[0m  [1m[34mSELECT "comments".* FROM "comments" WHERE "comments"."article_id" = ?[0m  [["article_id", 1]]
  ↳ app/views/articles/show.html.erb:13
  Rendered collection of templates [0 times] (Duration: 0.1ms | Allocations: 16)
  Rendered comments/_form.html.erb (Duration: 19.2ms | Allocations: 4644)
  Rendered articles/show.html.erb within layouts/application (Duration: 36.9ms | Allocations: 7928)
[Webpacker] Everything's up-to-date. Nothing to do
  Rendered layout layouts/application.html.erb (Duration: 49.0ms | Allocations: 11462)
Completed 200 OK in 63ms (Views: 51.4ms | ActiveRecord: 1.9ms | Allocations: 13225)


Started GET "/articles/1/edit" for 127.0.0.1 at 2021-09-02 11:28:49 -0300
Processing by ArticlesController#edit as HTML
  Parameters: {"id"=>"1"}
  [1m[36mArticle Load (0.2ms)[0m  [1m[34mSELECT "articles".* FROM "articles" WHERE "articles"."id" = ? LIMIT ?[0m  [["id", 1], ["LIMIT", 1]]
  ↳ app/controllers/articles_controller.rb:27:in `edit'
  Rendering layout layouts/application.html.erb
  Rendering articles/edit.html.erb within layouts/application
  Rendered articles/_form.html.erb (Duration: 5.7ms | Allocations: 1427)
  Rendered articles/edit.html.erb within layouts/application (Duration: 10.9ms | Allocations: 2233)
[Webpacker] Everything's up-to-date. Nothing to do
  Rendered layout layouts/application.html.erb (Duration: 24.8ms | Allocations: 5718)
Completed 200 OK in 34ms (Views: 26.0ms | ActiveRecord: 0.2ms | Allocations: 6957)


Started POST "/articles/1/comments" for 127.0.0.1 at 2021-09-02 11:29:15 -0300
Processing by CommentsController#create as HTML
  Parameters: {"authenticity_token"=>"[FILTERED]", "comment"=>{"commenter"=>"Teste", "body"=>"Teste de Comentário", "status"=>"private"}, "commit"=>"Create Comment", "article_id"=>"1"}
  [1m[36mArticle Load (0.3ms)[0m  [1m[34mSELECT "articles".* FROM "articles" WHERE "articles"."id" = ? LIMIT ?[0m  [["id", 1], ["LIMIT", 1]]
  ↳ app/controllers/comments_controller.rb:5:in `create'
  [1m[36mTRANSACTION (0.1ms)[0m  [1m[36mbegin transaction[0m
  ↳ app/controllers/comments_controller.rb:6:in `create'
  [1m[36mComment Create (1.4ms)[0m  [1m[32mINSERT INTO "comments" ("commenter", "body", "article_id", "created_at", "updated_at", "status") VALUES (?, ?, ?, ?, ?, ?)[0m  [["commenter", "Teste"], ["body", "Teste de Comentário"], ["article_id", 1], ["created_at", "2021-09-02 14:29:15.534091"], ["updated_at", "2021-09-02 14:29:15.534091"], ["status", "private"]]
  ↳ app/controllers/comments_controller.rb:6:in `create'
  [1m[36mTRANSACTION (2.6ms)[0m  [1m[36mcommit transaction[0m
  ↳ app/controllers/comments_controller.rb:6:in `create'
Redirected to http://127.0.0.1:3000/articles/1
Completed 302 Found in 25ms (ActiveRecord: 4.4ms | Allocations: 4351)


Started GET "/articles/1" for 127.0.0.1 at 2021-09-02 11:29:15 -0300
Processing by ArticlesController#show as HTML
  Parameters: {"id"=>"1"}
  [1m[36mArticle Load (0.2ms)[0m  [1m[34mSELECT "articles".* FROM "articles" WHERE "articles"."id" = ? LIMIT ?[0m  [["id", 1], ["LIMIT", 1]]
  ↳ app/controllers/articles_controller.rb:9:in `show'
  Rendering layout layouts/application.html.erb
  Rendering articles/show.html.erb within layouts/application
  [1m[36mComment Load (0.2ms)[0m  [1m[34mSELECT "comments".* FROM "comments" WHERE "comments"."article_id" = ?[0m  [["article_id", 1]]
  ↳ app/views/articles/show.html.erb:13
  Rendered collection of comments/_comment.html.erb [1 times] (Duration: 0.5ms | Allocations: 198)
  Rendered comments/_form.html.erb (Duration: 3.9ms | Allocations: 1073)
  Rendered articles/show.html.erb within layouts/application (Duration: 10.1ms | Allocations: 2382)
[Webpacker] Everything's up-to-date. Nothing to do
  Rendered layout layouts/application.html.erb (Duration: 20.1ms | Allocations: 5947)
Completed 200 OK in 25ms (Views: 20.9ms | ActiveRecord: 0.4ms | Allocations: 6971)


Started GET "/articles/1" for 127.0.0.1 at 2021-09-02 11:29:22 -0300
Processing by ArticlesController#show as HTML
  Parameters: {"id"=>"1"}
  [1m[36mArticle Load (0.2ms)[0m  [1m[34mSELECT "articles".* FROM "articles" WHERE "articles"."id" = ? LIMIT ?[0m  [["id", 1], ["LIMIT", 1]]
  ↳ app/controllers/articles_controller.rb:9:in `show'
  Rendering layout layouts/application.html.erb
  Rendering articles/show.html.erb within layouts/application
  [1m[36mComment Load (0.2ms)[0m  [1m[34mSELECT "comments".* FROM "comments" WHERE "comments"."article_id" = ?[0m  [["article_id", 1]]
  ↳ app/views/articles/show.html.erb:13
  Rendered collection of comments/_comment.html.erb [1 times] (Duration: 1.1ms | Allocations: 151)
  Rendered comments/_form.html.erb (Duration: 3.6ms | Allocations: 1000)
  Rendered articles/show.html.erb within layouts/application (Duration: 11.8ms | Allocations: 2204)
[Webpacker] Everything's up-to-date. Nothing to do
  Rendered layout layouts/application.html.erb (Duration: 21.9ms | Allocations: 5664)
Completed 200 OK in 27ms (Views: 22.7ms | ActiveRecord: 0.3ms | Allocations: 6652)


Started GET "/" for 127.0.0.1 at 2021-09-02 11:29:23 -0300
Processing by ArticlesController#index as HTML
  Rendering layout layouts/application.html.erb
  Rendering articles/index.html.erb within layouts/application
  [1m[36mArticle Load (0.2ms)[0m  [1m[34mSELECT "articles".* FROM "articles"[0m
  ↳ app/views/articles/index.html.erb:4
  Rendered articles/index.html.erb within layouts/application (Duration: 5.2ms | Allocations: 1261)
[Webpacker] Everything's up-to-date. Nothing to do
  Rendered layout layouts/application.html.erb (Duration: 17.0ms | Allocations: 4770)
Completed 200 OK in 21ms (Views: 18.3ms | ActiveRecord: 0.2ms | Allocations: 5262)


Started GET "/articles/1" for 127.0.0.1 at 2021-09-02 11:29:25 -0300
Processing by ArticlesController#show as HTML
  Parameters: {"id"=>"1"}
  [1m[36mArticle Load (0.3ms)[0m  [1m[34mSELECT "articles".* FROM "articles" WHERE "articles"."id" = ? LIMIT ?[0m  [["id", 1], ["LIMIT", 1]]
  ↳ app/controllers/articles_controller.rb:9:in `show'
  Rendering layout layouts/application.html.erb
  Rendering articles/show.html.erb within layouts/application
  [1m[36mComment Load (0.2ms)[0m  [1m[34mSELECT "comments".* FROM "comments" WHERE "comments"."article_id" = ?[0m  [["article_id", 1]]
  ↳ app/views/articles/show.html.erb:13
  Rendered collection of comments/_comment.html.erb [1 times] (Duration: 0.7ms | Allocations: 151)
  Rendered comments/_form.html.erb (Duration: 8.1ms | Allocations: 1000)
  Rendered articles/show.html.erb within layouts/application (Duration: 15.4ms | Allocations: 2204)
[Webpacker] Everything's up-to-date. Nothing to do
  Rendered layout layouts/application.html.erb (Duration: 30.7ms | Allocations: 6175)
Completed 200 OK in 43ms (Views: 33.5ms | ActiveRecord: 0.5ms | Allocations: 7162)


Started DELETE "/articles/1/comments/3" for 127.0.0.1 at 2021-09-02 11:29:33 -0300
Processing by CommentsController#destroy as HTML
  Parameters: {"authenticity_token"=>"[FILTERED]", "article_id"=>"1", "id"=>"3"}
  [1m[36mArticle Load (0.2ms)[0m  [1m[34mSELECT "articles".* FROM "articles" WHERE "articles"."id" = ? LIMIT ?[0m  [["id", 1], ["LIMIT", 1]]
  ↳ app/controllers/comments_controller.rb:11:in `destroy'
  [1m[36mComment Load (0.3ms)[0m  [1m[34mSELECT "comments".* FROM "comments" WHERE "comments"."article_id" = ? AND "comments"."id" = ? LIMIT ?[0m  [["article_id", 1], ["id", 3], ["LIMIT", 1]]
  ↳ app/controllers/comments_controller.rb:12:in `destroy'
  [1m[36mTRANSACTION (0.1ms)[0m  [1m[36mbegin transaction[0m
  ↳ app/controllers/comments_controller.rb:13:in `destroy'
  [1m[36mComment Destroy (0.7ms)[0m  [1m[31mDELETE FROM "comments" WHERE "comments"."id" = ?[0m  [["id", 3]]
  ↳ app/controllers/comments_controller.rb:13:in `destroy'
  [1m[36mTRANSACTION (6.8ms)[0m  [1m[36mcommit transaction[0m
  ↳ app/controllers/comments_controller.rb:13:in `destroy'
Redirected to http://127.0.0.1:3000/articles/1
Completed 302 Found in 28ms (ActiveRecord: 8.1ms | Allocations: 3570)


Started GET "/articles/1" for 127.0.0.1 at 2021-09-02 11:29:33 -0300
Processing by ArticlesController#show as HTML
  Parameters: {"id"=>"1"}
  [1m[36mArticle Load (0.2ms)[0m  [1m[34mSELECT "articles".* FROM "articles" WHERE "articles"."id" = ? LIMIT ?[0m  [["id", 1], ["LIMIT", 1]]
  ↳ app/controllers/articles_controller.rb:9:in `show'
  Rendering layout layouts/application.html.erb
  Rendering articles/show.html.erb within layouts/application
  [1m[36mComment Load (0.2ms)[0m  [1m[34mSELECT "comments".* FROM "comments" WHERE "comments"."article_id" = ?[0m  [["article_id", 1]]
  ↳ app/views/articles/show.html.erb:13
  Rendered collection of templates [0 times] (Duration: 0.1ms | Allocations: 12)
  Rendered comments/_form.html.erb (Duration: 3.1ms | Allocations: 1000)
  Rendered articles/show.html.erb within layouts/application (Duration: 7.6ms | Allocations: 2010)
[Webpacker] Everything's up-to-date. Nothing to do
  Rendered layout layouts/application.html.erb (Duration: 18.9ms | Allocations: 5458)
Completed 200 OK in 25ms (Views: 20.3ms | ActiveRecord: 0.3ms | Allocations: 6442)


